Build started 4/13/2012 8:41:25 PM.
     1>Project "C:\Users\Spiffl\Desktop\Game Development Stuff\gitStuff\wwf\SDL Game.vcxproj" on node 2 (build target(s)).
     1>InitializeBuildStatus:
         Touching "Debug\SDL Game.unsuccessfulbuild".
       ClCompile:
         All outputs are up-to-date.
       Link:
         C:\Program Files (x86)\Microsoft Visual Studio 10.0\VC\bin\link.exe /ERRORREPORT:PROMPT /OUT:"C:\Users\Spiffl\Desktop\Game Development Stuff\gitStuff\wwf\Debug\SDL Game.exe" /NOLOGO SDL.lib SDLmain.lib SDL_image.lib SDL_ttf.lib SDL_mixer.lib kernel32.lib user32.lib gdi32.lib winspool.lib comdlg32.lib advapi32.lib shell32.lib ole32.lib oleaut32.lib uuid.lib odbc32.lib odbccp32.lib /MANIFEST /ManifestFile:"Debug\SDL Game.exe.intermediate.manifest" /MANIFESTUAC:"level='asInvoker' uiAccess='false'" /DEBUG /PDB:"C:\Users\Spiffl\Desktop\Game Development Stuff\gitStuff\wwf\Debug\SDL Game.pdb" /SUBSYSTEM:WINDOWS /TLBID:1 /DYNAMICBASE /NXCOMPAT /IMPLIB:"C:\Users\Spiffl\Desktop\Game Development Stuff\gitStuff\wwf\Debug\SDL Game.lib" /MACHINE:X86 Debug\Dictionary.obj
         Debug\GameBoard.obj
         Debug\GUI.obj
         Debug\main.obj
         SDL Game.vcxproj -> C:\Users\Spiffl\Desktop\Game Development Stuff\gitStuff\wwf\Debug\SDL Game.exe
       Manifest:
         C:\Program Files (x86)\Microsoft SDKs\Windows\v7.0A\bin\mt.exe /nologo /verbose /outputresource:"C:\Users\Spiffl\Desktop\Game Development Stuff\gitStuff\wwf\Debug\SDL Game.exe;#1" /manifest "Debug\SDL Game.exe.intermediate.manifest"
       FinalizeBuildStatus:
         Deleting file "Debug\SDL Game.unsuccessfulbuild".
         Touching "Debug\SDL Game.lastbuildstate".
     1>Done Building Project "C:\Users\Spiffl\Desktop\Game Development Stuff\gitStuff\wwf\SDL Game.vcxproj" (build target(s)).

Build succeeded.

Time Elapsed 00:00:01.60
