Build started 4/13/2012 12:55:34 AM.
     1>Project "C:\Users\Spiffl\Desktop\Game Development Stuff\words with friends\SDL Game\SDL Game\SDL Game.vcxproj" on node 2 (build target(s)).
     1>InitializeBuildStatus:
         Creating "Debug\SDL Game.unsuccessfulbuild" because "AlwaysCreate" was specified.
       ClCompile:
         C:\Program Files (x86)\Microsoft Visual Studio 10.0\VC\bin\CL.exe /c /ZI /nologo /W3 /WX- /Od /Oy- /D _MBCS /Gm /EHsc /RTC1 /MD /GS /fp:precise /Zc:wchar_t /Zc:forScope /Fo"Debug\\" /Fd"Debug\vc100.pdb" /Gd /TP /analyze- /errorReport:prompt GUI.cpp GameBoard.cpp main.cpp
         main.cpp
     1>c:\users\spiffl\desktop\game development stuff\words with friends\sdl game\sdl game\gameboard.h(105): warning C4101: 'temp' : unreferenced local variable
     1>c:\users\spiffl\desktop\game development stuff\words with friends\sdl game\sdl game\gui.h(93): warning C4101: 'start' : unreferenced local variable
     1>c:\users\spiffl\desktop\game development stuff\words with friends\sdl game\sdl game\gui.h(272): warning C4018: '<' : signed/unsigned mismatch
     1>c:\users\spiffl\desktop\game development stuff\words with friends\sdl game\sdl game\gui.h(334): warning C4018: '<' : signed/unsigned mismatch
         Generating Code...
         Skipping... (no relevant changes detected)
         GameBoard.cpp
         GUI.cpp
       Link:
         C:\Program Files (x86)\Microsoft Visual Studio 10.0\VC\bin\link.exe /ERRORREPORT:PROMPT /OUT:"C:\Users\Spiffl\Desktop\Game Development Stuff\words with friends\SDL Game\Debug\SDL Game.exe" /NOLOGO SDL.lib SDLmain.lib SDL_image.lib SDL_ttf.lib SDL_mixer.lib kernel32.lib user32.lib gdi32.lib winspool.lib comdlg32.lib advapi32.lib shell32.lib ole32.lib oleaut32.lib uuid.lib odbc32.lib odbccp32.lib /MANIFEST /ManifestFile:"Debug\SDL Game.exe.intermediate.manifest" /MANIFESTUAC:"level='asInvoker' uiAccess='false'" /DEBUG /PDB:"C:\Users\Spiffl\Desktop\Game Development Stuff\words with friends\SDL Game\Debug\SDL Game.pdb" /SUBSYSTEM:WINDOWS /TLBID:1 /DYNAMICBASE /NXCOMPAT /IMPLIB:"C:\Users\Spiffl\Desktop\Game Development Stuff\words with friends\SDL Game\Debug\SDL Game.lib" /MACHINE:X86 Debug\Dictionary.obj
         Debug\GameBoard.obj
         Debug\GUI.obj
         Debug\main.obj
         Debug\TestMain.obj
         LINK : C:\Users\Spiffl\Desktop\Game Development Stuff\words with friends\SDL Game\Debug\SDL Game.exe not found or not built by the last incremental link; performing full link
         SDL Game.vcxproj -> C:\Users\Spiffl\Desktop\Game Development Stuff\words with friends\SDL Game\Debug\SDL Game.exe
       Manifest:
         C:\Program Files (x86)\Microsoft SDKs\Windows\v7.0A\bin\mt.exe /nologo /verbose /outputresource:"C:\Users\Spiffl\Desktop\Game Development Stuff\words with friends\SDL Game\Debug\SDL Game.exe;#1" /manifest "Debug\SDL Game.exe.intermediate.manifest"
       FinalizeBuildStatus:
         Deleting file "Debug\SDL Game.unsuccessfulbuild".
         Touching "Debug\SDL Game.lastbuildstate".
     1>Done Building Project "C:\Users\Spiffl\Desktop\Game Development Stuff\words with friends\SDL Game\SDL Game\SDL Game.vcxproj" (build target(s)).

Build succeeded.

Time Elapsed 00:00:05.05
